c:\users\gakua\documents\cg2\cg2-1\cg2-1\x64\debug\main.obj
c:\users\gakua\documents\cg2\cg2-1\cg2-1\x64\debug\lightingmode.obj
c:\users\gakua\documents\cg2\cg2-1\cg2-1\x64\debug\imgui_demo.obj
c:\users\gakua\documents\cg2\cg2-1\cg2-1\x64\debug\imgui_impl_dx12.obj
c:\users\gakua\documents\cg2\cg2-1\cg2-1\x64\debug\imgui_draw.obj
c:\users\gakua\documents\cg2\cg2-1\cg2-1\x64\debug\imgui_widgets.obj
c:\users\gakua\documents\cg2\cg2-1\cg2-1\x64\debug\imgui_impl_win32.obj
c:\users\gakua\documents\cg2\cg2-1\cg2-1\x64\debug\imgui.obj
c:\users\gakua\documents\cg2\cg2-1\cg2-1\x64\debug\imgui_tables.obj
c:\users\gakua\documents\cg2\cg2-1\cg2-1\x64\debug\vc143.pdb
c:\users\gakua\documents\cg2\cg2-1\x64\debug\cg2-1.exe
c:\users\gakua\documents\cg2\cg2-1\x64\debug\cg2-1.pdb
c:\users\gakua\documents\cg2\cg2-1\cg2-1\x64\debug\cg2-1.ilk
c:\users\gakua\documents\cg2\cg2-1\cg2-1\x64\debug\convertstringcpp.obj
c:\users\gakua\documents\cg2\cg2-1\cg2-1\x64\debug\resourceobject.obj
c:\users\gakua\documents\cg2\cg2-1\cg2-1\x64\debug\main.new.obj.enc
c:\users\gakua\documents\cg2\cg2-1\cg2-1\x64\debug\vc143.idb
c:\users\gakua\documents\cg2\cg2-1\cg2-1\x64\debug\cg2-1.tlog\cl.command.1.tlog
c:\users\gakua\documents\cg2\cg2-1\cg2-1\x64\debug\cg2-1.tlog\cl.items.tlog
c:\users\gakua\documents\cg2\cg2-1\cg2-1\x64\debug\cg2-1.tlog\cl.read.1.tlog
c:\users\gakua\documents\cg2\cg2-1\cg2-1\x64\debug\cg2-1.tlog\cl.write.1.tlog
c:\users\gakua\documents\cg2\cg2-1\cg2-1\x64\debug\cg2-1.tlog\fxc.command.1.tlog
c:\users\gakua\documents\cg2\cg2-1\cg2-1\x64\debug\cg2-1.tlog\fxc.read.1.tlog
c:\users\gakua\documents\cg2\cg2-1\cg2-1\x64\debug\cg2-1.tlog\link.command.1.tlog
c:\users\gakua\documents\cg2\cg2-1\cg2-1\x64\debug\cg2-1.tlog\link.read.1.tlog
c:\users\gakua\documents\cg2\cg2-1\cg2-1\x64\debug\cg2-1.tlog\link.secondary.1.tlog
c:\users\gakua\documents\cg2\cg2-1\cg2-1\x64\debug\cg2-1.tlog\link.write.1.tlog
