c:\users\gakua\documents\cg2\cg2-1\cg2-1\x64\release\imgui_widgets.obj
c:\users\gakua\documents\cg2\cg2-1\cg2-1\x64\release\main.obj
c:\users\gakua\documents\cg2\cg2-1\cg2-1\x64\release\imgui_draw.obj
c:\users\gakua\documents\cg2\cg2-1\cg2-1\x64\release\imgui_tables.obj
c:\users\gakua\documents\cg2\cg2-1\cg2-1\x64\release\imgui.obj
c:\users\gakua\documents\cg2\cg2-1\cg2-1\x64\release\imgui_demo.obj
c:\users\gakua\documents\cg2\cg2-1\cg2-1\x64\release\imgui_impl_dx12.obj
c:\users\gakua\documents\cg2\cg2-1\cg2-1\x64\release\imgui_impl_win32.obj
c:\users\gakua\documents\cg2\cg2-1\cg2-1\x64\release\vc143.pdb
c:\users\gakua\documents\cg2\cg2-1\cg2-1\x64\release\cg2-1.ipdb
c:\users\gakua\documents\cg2\cg2-1\cg2-1\x64\release\cg2-1.iobj
c:\users\gakua\documents\cg2\cg2-1\x64\release\cg2-1.pdb
c:\users\gakua\documents\cg2\cg2-1\cg2-1\x64\release\cg2-1.tlog\cl.command.1.tlog
c:\users\gakua\documents\cg2\cg2-1\cg2-1\x64\release\cg2-1.tlog\cl.items.tlog
c:\users\gakua\documents\cg2\cg2-1\cg2-1\x64\release\cg2-1.tlog\cl.read.1.tlog
c:\users\gakua\documents\cg2\cg2-1\cg2-1\x64\release\cg2-1.tlog\cl.write.1.tlog
c:\users\gakua\documents\cg2\cg2-1\cg2-1\x64\release\cg2-1.tlog\link.command.1.tlog
c:\users\gakua\documents\cg2\cg2-1\cg2-1\x64\release\cg2-1.tlog\link.read.1.tlog
c:\users\gakua\documents\cg2\cg2-1\cg2-1\x64\release\cg2-1.tlog\link.secondary.1.tlog
c:\users\gakua\documents\cg2\cg2-1\cg2-1\x64\release\cg2-1.tlog\link.write.1.tlog
